<?xml version="1.0" encoding="UTF-8"?>
<!-- Generated by org.testng.reporters.JUnitXMLReporter -->
<testsuite ignored="4" hostname="DESKTOP-A1KMC22" failures="0" tests="8" name="Test" time="18.276" errors="0" timestamp="2022-10-11T22:16:23 EET">
  <testcase classname="tests.UserRegistertionTestwithJavaFaker" name="UserCanRegisterSuccssfully" time="6.81"/>
  <testcase classname="tests.UserRegistertionTestwithJavaFaker" name="RegisteredUserCanLogout" time="0.863"/>
  <testcase classname="tests.UserRegistertionTestwithJavaFaker" name="RegisteredUserCanLogIn" time="2.221"/>
  <testcase classname="tests.ChangeCurrencyTest" name="UserCanChangeCurrency" time="0.823"/>
  <testcase classname="tests.ChangeCurrencyTest" name="UserCanSearchWithAutoSugguest" time="3.754"/>
  <testcase classname="tests.AddProductsToWishlistTest" name="UserCanSearchWithAutoSugguest" time="1.846"/>
  <testcase classname="tests.AddProductsToWishlistTest" name="UserCanAddProductToWishlist" time="1.21"/>
  <testcase classname="tests.AddProductsToWishlistTest" name="UserCanAddRemoveProductFromCart" time="0.566"/>
  <testcase classname="tests.TestBase1" name="@BeforeSuite startdriver" time="0.0">
    <ignored/>
  </testcase> <!-- @BeforeSuite startdriver -->
  <testcase classname="tests.TestBase1" name="@AfterSuite stopDriver" time="0.0">
    <ignored/>
  </testcase> <!-- @AfterSuite stopDriver -->
  <testcase classname="tests.TestBase1" name="@AfterSuite stopDriver" time="0.0">
    <ignored/>
  </testcase> <!-- @AfterSuite stopDriver -->
  <testcase classname="tests.TestBase1" name="@BeforeSuite startdriver" time="0.0">
    <ignored/>
  </testcase> <!-- @BeforeSuite startdriver -->
</testsuite> <!-- Test -->
