<?xml version="1.0" encoding="UTF-8"?>
<testsuite xmlns:xsi="http://www.w3.org/2001/XMLSchema-instance" xsi:noNamespaceSchemaLocation="https://maven.apache.org/surefire/maven-surefire-plugin/xsd/surefire-test-report.xsd" name="TestSuite" time="23.414" tests="8" errors="0" skipped="0" failures="0">
  <properties>
[...]
</properties>
  <testcase name="UserCanRegisterSuccssfully" classname="tests.UserRegistertionTestwithJavaFaker" time="6.81"/>
  <testcase name="RegisteredUserCanLogout" classname="tests.UserRegistertionTestwithJavaFaker" time="0.864"/>
  <testcase name="RegisteredUserCanLogIn" classname="tests.UserRegistertionTestwithJavaFaker" time="2.221"/>
  <testcase name="UserCanChangeCurrency" classname="tests.ChangeCurrencyTest" time="0.824"/>
  <testcase name="UserCanSearchWithAutoSugguest" classname="tests.ChangeCurrencyTest" time="3.754"/>
  <testcase name="UserCanSearchWithAutoSugguest" classname="tests.AddProductsToWishlistTest" time="1.845"/>
  <testcase name="UserCanAddProductToWishlist" classname="tests.AddProductsToWishlistTest" time="1.21"/>
  <testcase name="UserCanAddRemoveProductFromCart" classname="tests.AddProductsToWishlistTest" time="0.567"/>
</testsuite>